<?xml version="1.0" encoding="UTF-8"?>
<!-- Generated by org.testng.reporters.JUnitReportReporter -->
<testsuite hostname="LAPTOP-J1A4LAV1" failures="0" tests="1" name="jenkinsMaven.RediffSearchTest" time="60.483" errors="0" timestamp="29 Sep 2019 13:02:40 GMT">
  <testcase classname="jenkinsMaven.RediffSearchTest" name="searchRediff" time="60.483"/>
</testsuite> <!-- jenkinsMaven.RediffSearchTest -->
